JvmtiExport can_access_local_variables 0
JvmtiExport can_hotswap_or_post_breakpoint 0
JvmtiExport can_post_on_exceptions 0
# 479 ciObject found
instanceKlass JetGradlePlugin
instanceKlass com/google/protobuf/UnknownFieldSet$Field$Builder
instanceKlass com/android/apkzlib/sign/SigningExtension$1$$Lambda$551
instanceKlass android/view/View
instanceKlass android/view/accessibility/AccessibilityEventSource
instanceKlass android/view/KeyEvent$Callback
instanceKlass android/graphics/drawable/Drawable$Callback
instanceKlass android/view/ViewTreeObserver$OnPreDrawListener
instanceKlass com/android/build/gradle/internal/transforms/InstantRunTransform$$Lambda$550
instanceKlass com/android/apkzlib/zip/ExtraField$$Lambda$549
instanceKlass com/android/apkzlib/zip/ExtraField$SegmentFactory
instanceKlass java/lang/invoke/LambdaForm$DMH
instanceKlass com/android/apkzlib/zip/ZFile$$Lambda$548
instanceKlass sun/nio/cs/US_ASCII$1
instanceKlass com/android/build/gradle/internal/transforms/DexMergerTransform$$Lambda$547
instanceKlass com/android/build/gradle/internal/transforms/DexMergerTransform$$Lambda$546
instanceKlass com/android/builder/utils/FileCache$$Lambda$545
instanceKlass com/android/builder/utils/FileCache$$Lambda$544
instanceKlass com/android/build/gradle/internal/transforms/DexArchiveBuilderCacheHandler$$Lambda$543
instanceKlass com/google/common/collect/AbstractMapBasedMultimap$Itr
instanceKlass com/android/dx/cf/iface/ParseObserver
instanceKlass sun/nio/fs/AbstractPath$1
instanceKlass com/android/dx/ssa/Dominators$1
instanceKlass com/android/dx/dex/file/ParameterAnnotationStruct
instanceKlass com/android/dx/cf/direct/AnnotationParser
instanceKlass com/android/builder/utils/FileCache$$Lambda$542
instanceKlass com/android/builder/utils/FileCache$$Lambda$541
instanceKlass com/android/dx/rop/code/RegOps
instanceKlass com/android/dx/dex/file/FieldAnnotationStruct
instanceKlass com/android/builder/dexing/NonIncrementalJarDexArchive
instanceKlass com/android/builder/dexing/NoCacheJarClassFileEntry
instanceKlass com/android/builder/dexing/JarClassFileInput$$Lambda$538
instanceKlass com/android/builder/dexing/JarClassFileInput$$Lambda$540
instanceKlass com/android/builder/dexing/JarClassFileInput$$Lambda$539
instanceKlass com/android/builder/dexing/JarClassFileInput$$Lambda$537
instanceKlass com/android/builder/dexing/JarClassFileInput$$Lambda$535
instanceKlass com/android/builder/dexing/JarClassFileInput$$Lambda$536
instanceKlass com/android/builder/dexing/JarClassFileInput$$Lambda$534
instanceKlass com/android/builder/dexing/JarClassFileInput
instanceKlass com/android/build/gradle/internal/transforms/DexArchiveBuilderTransform$$Lambda$532
instanceKlass com/android/build/gradle/internal/transforms/DexArchiveBuilderTransform$$Lambda$533
instanceKlass com/android/build/gradle/internal/transforms/DexArchiveBuilderTransform$$Lambda$531
instanceKlass com/android/apkzlib/zip/ZFile$$Lambda$530
instanceKlass com/android/build/gradle/tasks/PackageAndroidArtifact$$Lambda$529
instanceKlass org/gradle/model/internal/registry/RuleBindings$1
instanceKlass com/android/build/gradle/internal/scope/OutputScope$$Lambda$528
instanceKlass com/android/build/gradle/internal/scope/OutputScope$$Lambda$527
instanceKlass com/android/build/gradle/internal/scope/OutputScope$$Lambda$526
instanceKlass java/lang/invoke/LambdaForm$DMH
instanceKlass com/android/build/gradle/tasks/CompatibleScreensManifest$$Lambda$525
instanceKlass com/android/build/gradle/internal/scope/OutputScope$SplitAction
instanceKlass JetGradlePlugin
instanceKlass java/util/concurrent/CopyOnWriteArrayList$1
instanceKlass org/gradle/api/internal/artifacts/transform/DefaultArtifactTransforms$1
instanceKlass java/util/concurrent/locks/ReentrantReadWriteLock$Sync$HoldCounter
instanceKlass com/android/build/gradle/internal/transforms/FixStackFramesTransform$$Lambda$523
instanceKlass com/android/build/gradle/internal/transforms/FixStackFramesTransform$$Lambda$521
instanceKlass org/apache/tools/zip/ZipEightByteInteger
instanceKlass org/apache/tools/zip/Zip64ExtendedInformationExtraField
instanceKlass org/apache/tools/zip/JarMarker
instanceKlass org/apache/tools/zip/AsiExtraField
instanceKlass org/apache/tools/zip/UnixStat
instanceKlass org/apache/tools/zip/ExtraFieldUtils
instanceKlass org/apache/tools/zip/ExtraFieldUtils$UnparseableExtraField
instanceKlass org/apache/tools/zip/AbstractUnicodeExtraField
instanceKlass org/apache/tools/zip/ZipUtil
instanceKlass org/apache/tools/zip/ZipShort
instanceKlass org/apache/tools/zip/GeneralPurposeBit
instanceKlass org/apache/tools/zip/UnparseableExtraFieldData
instanceKlass org/apache/tools/zip/CentralDirectoryParsingZipExtraField
instanceKlass org/apache/tools/zip/ZipFile$OffsetEntry
instanceKlass org/apache/tools/zip/FallbackZipEncoding
instanceKlass org/apache/tools/zip/ZipEncodingHelper$SimpleEncodingHolder
instanceKlass org/apache/tools/zip/ZipEncoding
instanceKlass org/apache/tools/zip/ZipEncodingHelper
instanceKlass org/apache/tools/zip/ZipFile$2
instanceKlass org/apache/tools/zip/ZipLong
instanceKlass org/apache/tools/zip/ZipExtraField
instanceKlass org/apache/tools/zip/ZipFile
instanceKlass org/gradle/api/internal/tasks/compile/incremental/jar/DefaultJarSnapshotter$1
instanceKlass com/google/common/base/Predicates$1
instanceKlass sun/nio/fs/AbstractAclFileAttributeView
instanceKlass java/nio/file/attribute/AclFileAttributeView
instanceKlass java/nio/file/attribute/FileOwnerAttributeView
instanceKlass sun/nio/fs/WindowsSecurity$1
instanceKlass sun/nio/fs/WindowsSecurity$Privilege
instanceKlass sun/nio/fs/WindowsSecurity
instanceKlass sun/nio/fs/WindowsLinkSupport
instanceKlass sun/nio/fs/WindowsFileCopy
instanceKlass java/util/Vector$Itr
instanceKlass java/util/zip/ZipOutputStream$XEntry
instanceKlass com/android/builder/testing/MockableJarGenerator
instanceKlass com/android/builder/utils/FileCache$$Lambda$520
instanceKlass com/android/builder/utils/FileCache$$Lambda$519
instanceKlass java/lang/invoke/LambdaForm$MH
instanceKlass com/android/builder/utils/FileCache$$Lambda$518
instanceKlass com/android/builder/utils/FileCache$QueryResult
instanceKlass com/android/builder/utils/FileCache$$Lambda$517
instanceKlass com/android/builder/utils/FileCache$$Lambda$516
instanceKlass com/google/common/base/Joiner$MapJoiner
instanceKlass com/android/build/gradle/internal/tasks/MockableAndroidJarTask$$Lambda$515
instanceKlass com/android/builder/utils/ExceptionRunnable
instanceKlass com/android/builder/utils/FileCache$1
instanceKlass com/android/builder/utils/FileCache$Inputs$Builder
instanceKlass com/android/ide/common/xml/ManifestData$UsesLibrary
instanceKlass com/android/ide/common/xml/ManifestData$Instrumentation
instanceKlass com/squareup/javawriter/JavaWriter
instanceKlass com/android/builder/internal/ClassFieldImpl
instanceKlass com/android/builder/compiling/BuildConfigGenerator
instanceKlass com/android/builder/internal/compiler/RenderScriptProcessor$$Lambda$514
instanceKlass com/android/builder/internal/compiler/RenderScriptProcessor$Abi
instanceKlass com/android/builder/internal/compiler/RenderScriptProcessor
instanceKlass com/android/build/gradle/tasks/RenderscriptCompile$$Lambda$513
instanceKlass com/android/builder/internal/TemplateProcessor
instanceKlass com/android/builder/internal/TestManifestGenerator
instanceKlass com/android/build/gradle/tasks/ProcessTestManifest$$Lambda$512
instanceKlass com/android/builder/internal/incremental/DependencyDataStore
instanceKlass com/android/builder/internal/compiler/DirectoryWalker$Builder$$Lambda$511
instanceKlass com/android/builder/internal/compiler/DirectoryWalker$ExtensionSelector
instanceKlass com/android/builder/internal/compiler/DirectoryWalker$Builder
instanceKlass com/android/builder/internal/compiler/DirectoryWalker
instanceKlass com/android/builder/internal/compiler/AidlProcessor
instanceKlass com/android/build/gradle/internal/tasks/TestPreBuildTask$$Lambda$510
instanceKlass com/google/common/collect/Ordering$ArbitraryOrdering$1
instanceKlass com/google/common/collect/Ordering$ArbitraryOrderingHolder
instanceKlass com/google/common/collect/ComparisonChain
instanceKlass org/gradle/api/internal/tasks/compile/Member
instanceKlass org/gradle/api/internal/tasks/compile/ApiClassExtractor
instanceKlass org/gradle/api/internal/changedetection/state/ZipTree
instanceKlass org/gradle/api/internal/changedetection/state/ResourceTree
instanceKlass com/google/common/collect/MultimapBuilder$ArrayListSupplier
instanceKlass org/gradle/api/internal/changedetection/state/ClasspathEntrySnapshotBuilder$1
instanceKlass org/gradle/api/internal/changedetection/state/ClasspathEntrySnapshotBuilder
instanceKlass com/android/build/gradle/internal/dependency/AarTransform$$Lambda$507
instanceKlass com/android/build/gradle/internal/dependency/AarTransform$1
instanceKlass org/gradle/internal/resource/local/PathKeyFileStore$1
instanceKlass org/gradle/api/internal/artifacts/transform/DefaultTransformedFileCache$TransformAction
instanceKlass com/android/builder/core/AndroidBuilder$1
instanceKlass com/android/manifmerger/MergingReport
instanceKlass com/google/common/io/LineBuffer
instanceKlass com/google/common/io/LineReader
instanceKlass com/android/manifmerger/ToolsInstructionsCleaner
instanceKlass com/android/manifmerger/PostValidator$1
instanceKlass com/android/manifmerger/Actions
instanceKlass com/android/manifmerger/PostValidator
instanceKlass com/android/manifmerger/ElementsTrimmer
instanceKlass com/android/manifmerger/XmlElement$1
instanceKlass com/android/manifmerger/PreValidator
instanceKlass com/sun/org/apache/xerces/internal/dom/DeepNodeListImpl
instanceKlass com/android/manifmerger/ActionRecorder$$Lambda$506
instanceKlass com/android/manifmerger/ConvertibleName
instanceKlass com/android/manifmerger/Actions$Record
instanceKlass com/android/manifmerger/ActionRecorder$$Lambda$505
instanceKlass com/android/manifmerger/Actions$DecisionTreeRecord
instanceKlass com/android/manifmerger/XmlNode$NodeKey
instanceKlass com/android/manifmerger/XmlNode$Name
instanceKlass com/android/manifmerger/AttributeModel$Hexadecimal32Bits
instanceKlass com/android/manifmerger/ManifestModel$TwoAttributesBasedKeyResolver
instanceKlass com/android/manifmerger/AttributeModel$SeparatedValuesValidator
instanceKlass com/android/manifmerger/XmlNode$NamespaceAwareName
instanceKlass com/android/manifmerger/AttributeModel$3
instanceKlass com/android/manifmerger/AttributeModel$2
instanceKlass com/android/manifmerger/AttributeModel$1
instanceKlass com/android/manifmerger/AttributeModel$MergingPolicy
instanceKlass com/android/manifmerger/AttributeModel
instanceKlass com/android/manifmerger/AttributeModel$Builder
instanceKlass com/android/manifmerger/AttributeModel$BooleanValidator
instanceKlass com/android/manifmerger/ManifestModel$2
instanceKlass com/android/manifmerger/ManifestModel$1
instanceKlass com/android/manifmerger/ManifestModel$NoKeyNodeResolver
instanceKlass com/android/manifmerger/ManifestModel$AttributeBasedNodeKeyResolver
instanceKlass com/android/manifmerger/ManifestModel
instanceKlass com/android/manifmerger/AttributeModel$Validator
instanceKlass com/android/manifmerger/ManifestModel$NodeKeyResolver
instanceKlass com/android/manifmerger/XmlNode$1
instanceKlass com/android/manifmerger/XmlNode$NodeName
instanceKlass com/android/manifmerger/XmlNode
instanceKlass com/android/manifmerger/XmlDocument
instanceKlass com/android/utils/PositionXmlParser$Position
instanceKlass com/sun/org/apache/xerces/internal/util/EntityResolver2Wrapper
instanceKlass com/sun/org/apache/xerces/internal/dom/ParentNode$UserDataRecord
instanceKlass org/xml/sax/ext/DeclHandler
instanceKlass org/xml/sax/ext/LexicalHandler
instanceKlass com/android/utils/PositionXmlParser
instanceKlass com/android/manifmerger/XmlLoader
instanceKlass com/android/manifmerger/ManifestMerger2$SelectorResolver
instanceKlass com/android/manifmerger/ActionRecorder
instanceKlass com/android/manifmerger/MergingReport$Builder
instanceKlass com/android/manifmerger/ManifestMerger2$MapBasedKeyBasedValueResolver
instanceKlass com/android/manifmerger/ManifestMerger2$FileStreamProvider
instanceKlass com/android/manifmerger/ManifestMerger2$AutoAddingProperty
instanceKlass com/android/manifmerger/ManifestMerger2$Invoker
instanceKlass com/android/manifmerger/PlaceholderHandler$KeyBasedValueResolver
instanceKlass com/android/manifmerger/ManifestMerger2$ManifestInfo
instanceKlass com/android/manifmerger/KeyResolver
instanceKlass com/android/manifmerger/ManifestMerger2
instanceKlass com/android/build/gradle/tasks/MergeManifests$ConfigAction$ManifestProviderImpl
instanceKlass org/gradle/cli/ParsedCommandLine
instanceKlass org/gradle/cli/CommandLineParser$OptionParserState
instanceKlass org/gradle/cli/CommandLineParser$ParserState
instanceKlass org/gradle/cli/CommandLineParser
instanceKlass com/android/build/gradle/internal/ide/AndroidArtifactOutputImpl
instanceKlass com/android/builder/model/AndroidArtifactOutput
instanceKlass com/google/common/collect/ImmutableSet$SerializedForm
instanceKlass com/android/builder/model/level2/Library
instanceKlass com/android/build/gradle/internal/ide/level2/GlobalLibraryMapImpl
instanceKlass com/android/builder/model/NativeSettings
instanceKlass com/android/builder/model/NativeArtifact
instanceKlass com/android/build/gradle/internal/ide/NativeModelBuilder$NativeAndroidProjectBuilder
instanceKlass com/android/builder/model/SyncIssue
instanceKlass com/android/builder/model/BuildType
instanceKlass com/android/builder/model/BuildTypeContainer
instanceKlass com/android/builder/model/SourceProviderContainer
instanceKlass com/android/builder/model/ArtifactMetaData
instanceKlass com/android/builder/model/NativeToolchain
instanceKlass com/android/builder/model/SigningConfig
instanceKlass com/android/builder/model/ApiVersion
instanceKlass com/android/builder/model/VectorDrawablesOptions
instanceKlass com/android/builder/model/JavaArtifact
instanceKlass com/android/builder/model/NativeLibrary
instanceKlass com/android/builder/model/ClassField
instanceKlass com/android/build/FilterData
instanceKlass com/android/builder/model/AndroidArtifactOutput
instanceKlass com/android/build/OutputFile
instanceKlass com/android/build/VariantOutput
instanceKlass com/android/builder/model/InstantRun
instanceKlass com/android/builder/model/TestOptions
instanceKlass com/android/builder/model/level2/GraphItem
instanceKlass com/android/builder/model/JavaLibrary
instanceKlass com/android/builder/model/MavenCoordinates
instanceKlass com/android/builder/model/AndroidLibrary
instanceKlass com/android/builder/model/AndroidBundle
instanceKlass com/android/builder/model/Library
instanceKlass com/android/builder/model/level2/DependencyGraphs
instanceKlass com/android/builder/model/SourceProvider
instanceKlass com/android/builder/model/Dependencies
instanceKlass com/android/builder/model/TestedTargetVariant
instanceKlass com/android/builder/model/ProductFlavor
instanceKlass com/android/builder/model/DimensionAware
instanceKlass com/android/builder/model/BaseConfig
instanceKlass com/android/builder/model/AndroidArtifact
instanceKlass com/android/builder/model/BaseArtifact
instanceKlass com/android/builder/model/Variant
instanceKlass com/android/builder/model/LintOptions
instanceKlass com/android/builder/model/AaptOptions
instanceKlass com/android/builder/model/ProductFlavorContainer
instanceKlass com/android/builder/model/JavaCompileOptions
instanceKlass com/android/build/gradle/internal/ide/DefaultJavaCompileOptions
instanceKlass com/android/build/gradle/internal/ide/ModelBuilder$$Lambda$504
instanceKlass com/android/build/gradle/internal/ide/SigningConfigImpl
instanceKlass com/android/builder/model/JavaCompileOptions
instanceKlass com/android/build/gradle/internal/ide/DefaultAndroidProject
instanceKlass com/android/build/gradle/internal/ide/ModelBuilder$$Lambda$503
instanceKlass com/android/build/gradle/internal/ide/VariantImpl
instanceKlass com/android/build/gradle/internal/ide/TestOptionsImpl
instanceKlass com/android/build/gradle/internal/ide/ModelBuilder$$Lambda$502
instanceKlass com/android/build/gradle/internal/dependency/SubtractingArtifactCollection$$Lambda$501
instanceKlass com/android/build/gradle/internal/ide/ModelBuilder$$Lambda$500
instanceKlass com/android/builder/model/JavaArtifact
instanceKlass com/android/build/gradle/internal/ide/BaseArtifactImpl
instanceKlass org/gradle/api/internal/artifacts/result/DefaultUnresolvedComponentResult
instanceKlass org/gradle/api/artifacts/result/UnresolvedComponentResult
instanceKlass com/android/builder/model/AndroidLibrary
instanceKlass com/android/builder/model/AndroidBundle
instanceKlass com/android/builder/dependency/HashCodeUtils
instanceKlass com/android/builder/dependency/MavenCoordinatesImpl
instanceKlass com/android/ide/common/caching/CreatingCache$1
instanceKlass com/android/ide/common/caching/CreatingCache$ValueState
instanceKlass com/android/build/gradle/internal/ide/LibraryImpl
instanceKlass com/android/builder/model/JavaLibrary
instanceKlass com/android/builder/model/Library
instanceKlass com/android/build/gradle/internal/ide/ModelBuilder$$Lambda$499
instanceKlass com/android/build/gradle/internal/ide/DependencyFailureHandler
instanceKlass com/android/build/gradle/internal/ide/InstantRunImpl
instanceKlass com/android/build/gradle/internal/ide/ModelBuilder$SourceProviders
instanceKlass com/android/build/gradle/internal/ide/BuildTypeContainerImpl
instanceKlass com/android/builder/model/BuildTypeContainer
instanceKlass com/android/build/gradle/internal/ide/ApiVersionImpl
instanceKlass com/android/build/gradle/internal/ide/BaseConfigImpl
instanceKlass com/android/build/gradle/internal/ide/SourceProviderImpl
instanceKlass com/android/build/gradle/internal/ide/SourceProviderContainerImpl$$Lambda$498
instanceKlass com/android/build/gradle/internal/ide/SourceProviderContainerImpl
instanceKlass com/android/builder/model/SourceProviderContainer
instanceKlass com/android/build/gradle/internal/ide/ProductFlavorContainerImpl
instanceKlass com/android/builder/model/ProductFlavorContainer
instanceKlass com/android/build/gradle/internal/ide/AaptOptionsImpl
instanceKlass com/android/builder/model/AaptOptions
instanceKlass com/android/build/gradle/internal/ide/ArtifactMetaDataImpl
instanceKlass com/android/builder/model/ArtifactMetaData
instanceKlass org/jetbrains/plugins/gradle/model/ClasspathEntryModel
instanceKlass org/jetbrains/plugins/gradle/model/FileCollectionDependency
instanceKlass org/jetbrains/plugins/gradle/model/ExternalMultiLibraryDependency
instanceKlass org/jetbrains/plugins/gradle/tooling/internal/ClasspathEntryModelImpl
instanceKlass org/jetbrains/plugins/gradle/tooling/util/DependencyTraverser$Itr
instanceKlass org/jetbrains/plugins/gradle/tooling/util/DependencyTraverser
instanceKlass org/gradle/api/artifacts/result/UnresolvedDependencyResult
instanceKlass com/google/common/base/Objects
instanceKlass org/jetbrains/plugins/gradle/DefaultExternalDependencyId
instanceKlass org/jetbrains/plugins/gradle/ExternalDependencyId
instanceKlass org/jetbrains/plugins/gradle/model/AbstractExternalDependency
instanceKlass com/google/common/collect/AbstractMapBasedMultimap$WrappedCollection$WrappedIterator
instanceKlass org/gradle/api/internal/artifacts/ivyservice/resolveengine/result/VersionSelectionReasons$1
instanceKlass org/gradle/api/internal/artifacts/result/AbstractDependencyResult
instanceKlass org/gradle/api/artifacts/result/ResolvedDependencyResult
instanceKlass org/gradle/api/internal/artifacts/ivyservice/resolveengine/result/DefaultDependencyResult
instanceKlass org/gradle/api/internal/artifacts/ivyservice/resolveengine/result/StreamingResolutionResultBuilder$RootFactory$1$1
instanceKlass org/gradle/api/internal/cache/BinaryStore$ReadAction
instanceKlass org/gradle/api/internal/artifacts/ivyservice/resolveengine/result/StreamingResolutionResultBuilder$RootFactory$1
instanceKlass com/google/common/base/Function
instanceKlass org/jetbrains/plugins/gradle/tooling/util/DependencyResolverImpl$DependencyResultsTransformer
instanceKlass com/google/common/collect/AbstractMapBasedMultimap$Itr
instanceKlass com/google/common/collect/AbstractMultimap$1
instanceKlass org/gradle/api/specs/internal/ClosureSpec
instanceKlass org/codehaus/groovy/runtime/metaclass/ClosureMetaClass$NormalMethodChooser
instanceKlass org/gradle/api/internal/artifacts/result/DefaultComponentArtifactsResult
instanceKlass org/jetbrains/plugins/gradle/tooling/util/ModuleComponentIdentifierImpl
instanceKlass com/google/common/collect/Multiset
instanceKlass org/gradle/api/internal/artifacts/ivyservice/DefaultLenientConfiguration$LenientArtifactCollectingVisitor
instanceKlass org/gradle/api/artifacts/UnresolvedDependency
instanceKlass org/gradle/api/internal/artifacts/ivyservice/ErrorHandlingConfigurationResolver$1
instanceKlass sun/reflect/generics/tree/ShortSignature
instanceKlass sun/reflect/generics/tree/FloatSignature
instanceKlass sun/reflect/generics/tree/LongSignature
instanceKlass sun/reflect/generics/tree/DoubleSignature
instanceKlass sun/reflect/generics/tree/CharSignature
instanceKlass org/jetbrains/plugins/gradle/model/ExternalLibraryDependency
instanceKlass com/google/common/collect/AbstractMultimap
instanceKlass com/google/common/collect/ListMultimap
instanceKlass com/google/common/collect/Multimap
instanceKlass org/jetbrains/plugins/gradle/tooling/util/DependencyResolverImpl
instanceKlass org/jetbrains/plugins/gradle/tooling/util/DependencyResolver
instanceKlass org/jetbrains/plugins/gradle/tooling/internal/BuildScriptClasspathModelImpl
instanceKlass org/jetbrains/plugins/gradle/model/ExtIdeaContentRoot
instanceKlass org/jetbrains/plugins/gradle/tooling/internal/IdeaSourceDirectoryImpl
instanceKlass org/jetbrains/plugins/gradle/tooling/internal/IdeaContentRootImpl
instanceKlass org/jetbrains/plugins/gradle/model/ExtIdeaContentRoot
instanceKlass org/gradle/tooling/model/idea/IdeaContentRoot
instanceKlass org/jetbrains/plugins/gradle/tooling/internal/IdeaCompilerOutputImpl
instanceKlass org/jetbrains/plugins/gradle/tooling/internal/ModuleExtendedModelImpl
instanceKlass org/jetbrains/plugins/gradle/model/GradleConfiguration
instanceKlass org/jetbrains/plugins/gradle/model/GradleExtension
instanceKlass org/jetbrains/plugins/gradle/model/GradleProperty
instanceKlass org/jetbrains/plugins/gradle/model/DefaultGradleProperty
instanceKlass org/jetbrains/plugins/gradle/model/GradleExtension
instanceKlass org/jetbrains/plugins/gradle/model/GradleProperty
instanceKlass org/jetbrains/plugins/gradle/model/DefaultGradleConfiguration
instanceKlass org/jetbrains/plugins/gradle/model/GradleConfiguration
instanceKlass org/jetbrains/plugins/gradle/model/DefaultGradleExtensions
instanceKlass org/jetbrains/plugins/gradle/ExternalDependencyId
instanceKlass org/jetbrains/plugins/gradle/model/ExternalFilter
instanceKlass org/jetbrains/plugins/gradle/model/ExternalSourceDirectorySet
instanceKlass com/intellij/openapi/externalSystem/model/project/IExternalSystemSourceType
instanceKlass org/jetbrains/plugins/gradle/model/ExternalSourceSet
instanceKlass org/jetbrains/plugins/gradle/model/ExternalPlugin
instanceKlass org/jetbrains/plugins/gradle/model/ExternalTask
instanceKlass org/jetbrains/plugins/gradle/model/DefaultExternalPlugin
instanceKlass org/codehaus/groovy/runtime/metaclass/ClosureMetaClass$4
instanceKlass com/android/manifmerger/ManifestProvider
instanceKlass android/databinding/tool/LayoutXmlProcessor
instanceKlass org/gradle/api/internal/tasks/testing/detection/TestFrameworkDetector
instanceKlass org/gradle/api/internal/tasks/testing/WorkerTestClassProcessorFactory
instanceKlass groovy/util/Node
instanceKlass org/codehaus/groovy/runtime/typehandling/NumberMathModificationInfo
instanceKlass org/jetbrains/plugins/gradle/model/DefaultExternalTask
instanceKlass java/lang/invoke/SerializedLambda
instanceKlass org/gradle/internal/featurelifecycle/DeprecatedFeatureUsage
instanceKlass org/jetbrains/plugins/gradle/model/ExternalFilter
instanceKlass org/jetbrains/plugins/gradle/model/DefaultExternalSourceDirectorySet
instanceKlass org/jetbrains/plugins/gradle/model/ExternalSourceDirectorySet
instanceKlass com/intellij/openapi/externalSystem/model/project/IExternalSystemSourceType
instanceKlass org/jetbrains/plugins/gradle/model/DefaultExternalSourceSet
instanceKlass groovy/lang/PropertyValue
instanceKlass groovy/lang/DelegatingMetaClass
instanceKlass org/gradle/api/file/FileCopyDetails
instanceKlass org/gradle/plugins/ide/idea/model/Dependency
instanceKlass org/codehaus/groovy/runtime/metaclass/ClosureMetaClass$6
instanceKlass org/jetbrains/kotlin/android/synthetic/idea/AndroidExtensionsGradleModelImpl
instanceKlass org/gradle/tooling/model/internal/Exceptions
instanceKlass org/jetbrains/kotlin/gradle/ArgsInfo
instanceKlass org/jetbrains/kotlin/gradle/KotlinGradleModelImpl
instanceKlass kotlin/collections/EmptySet
instanceKlass kotlin/jvm/internal/markers/KMappedMarker
instanceKlass org/gradle/api/internal/project/DefaultProject$2
instanceKlass org/jetbrains/plugins/gradle/tooling/util/VersionMatcher
instanceKlass org/jetbrains/plugins/gradle/tooling/annotation/TargetVersions
instanceKlass org/gradle/tooling/model/build/JavaEnvironment
instanceKlass org/gradle/tooling/model/build/GradleEnvironment
instanceKlass org/gradle/tooling/model/build/GradleEnvironment
instanceKlass org/gradle/tooling/model/build/JavaEnvironment
instanceKlass org/gradle/tooling/internal/build/DefaultBuildEnvironment
instanceKlass org/gradle/process/internal/CurrentProcess
instanceKlass org/gradle/tooling/internal/adapter/ProtocolToModelAdapter$BeanMixInMethodInvoker
instanceKlass com/google/common/base/Preconditions
instanceKlass com/google/common/base/Optional
instanceKlass org/gradle/tooling/internal/adapter/ProtocolToModelAdapter$MethodInvocationCache$MethodInvocationKey
instanceKlass org/gradle/tooling/internal/adapter/MethodInvocation
instanceKlass org/gradle/tooling/internal/adapter/ProtocolToModelAdapter$AdaptingMethodInvoker
instanceKlass org/gradle/tooling/internal/adapter/ProtocolToModelAdapter$PropertyCachingMethodInvoker
instanceKlass org/gradle/tooling/internal/adapter/ProtocolToModelAdapter$SafeMethodInvoker
instanceKlass org/gradle/tooling/internal/adapter/ProtocolToModelAdapter$SupportedPropertyInvoker
instanceKlass org/gradle/tooling/internal/adapter/ProtocolToModelAdapter$ChainedMethodInvoker
instanceKlass org/gradle/tooling/internal/adapter/ProtocolToModelAdapter$ClassMixInMethodInvoker
instanceKlass org/gradle/tooling/internal/adapter/ProtocolToModelAdapter$InvocationHandlerImpl
instanceKlass org/gradle/tooling/internal/adapter/ProtocolToModelAdapter$ViewKey
instanceKlass org/gradle/tooling/model/idea/IdeaSourceDirectory
instanceKlass org/gradle/tooling/model/SourceDirectory
instanceKlass org/gradle/tooling/model/idea/IdeaContentRoot
instanceKlass org/gradle/tooling/model/java/InstalledJdk
instanceKlass org/gradle/tooling/model/idea/IdeaDependencyScope
instanceKlass org/gradle/tooling/model/idea/IdeaCompilerOutput
instanceKlass org/gradle/tooling/model/gradle/GradleScript
instanceKlass org/gradle/tooling/model/BuildIdentifier
instanceKlass org/gradle/tooling/model/ProjectIdentifier
instanceKlass org/gradle/tooling/model/idea/IdeaLanguageLevel
instanceKlass org/gradle/tooling/model/idea/IdeaJavaLanguageSettings
instanceKlass org/gradle/tooling/internal/adapter/ProtocolToModelAdapter$MixInMappingAction
instanceKlass org/gradle/tooling/internal/consumer/converters/IncludedBuildsMixin
instanceKlass org/gradle/tooling/internal/consumer/converters/IdeaModuleDependencyTargetNameMixin
instanceKlass org/gradle/tooling/internal/consumer/converters/IdeaProjectJavaLanguageSettingsMixin
instanceKlass org/gradle/tooling/internal/consumer/converters/TaskDisplayNameMixin
instanceKlass org/gradle/tooling/model/GradleTask
instanceKlass org/gradle/tooling/model/Task
instanceKlass org/gradle/tooling/model/Launchable
instanceKlass org/gradle/tooling/internal/consumer/converters/FixedBuildIdentifierProvider
instanceKlass org/gradle/tooling/internal/consumer/converters/BasicGradleProjectIdentifierMixin
instanceKlass org/gradle/tooling/model/gradle/BasicGradleProject
instanceKlass org/gradle/tooling/internal/adapter/ProtocolToModelAdapter$TypeSpecificMappingAction
instanceKlass org/gradle/tooling/internal/consumer/converters/GradleProjectIdentifierMixin
instanceKlass org/gradle/tooling/internal/gradle/DefaultBuildIdentifier
instanceKlass org/gradle/tooling/internal/gradle/DefaultProjectIdentifier
instanceKlass org/gradle/tooling/internal/gradle/GradleProjectIdentity
instanceKlass org/gradle/tooling/internal/gradle/GradleBuildIdentity
instanceKlass org/gradle/tooling/internal/adapter/ProtocolToModelAdapter$DefaultViewBuilder
instanceKlass com/google/common/collect/LinkedHashMultimap$1
instanceKlass org/gradle/api/internal/artifacts/result/DefaultArtifactResolutionResult
instanceKlass org/gradle/api/artifacts/result/ArtifactResolutionResult
instanceKlass org/gradle/api/internal/artifacts/query/DefaultArtifactResolutionQuery$1
instanceKlass org/gradle/api/internal/artifacts/configurations/DetachedConfigurationsProvider
instanceKlass org/gradle/api/artifacts/result/ComponentArtifactsResult
instanceKlass org/gradle/api/artifacts/result/ComponentResult
instanceKlass org/gradle/api/internal/artifacts/query/DefaultArtifactResolutionQuery
instanceKlass org/gradle/api/internal/artifacts/ivyservice/ShortCircuitEmptyConfigurationResolver$EmptyResolvedConfiguration$1
instanceKlass org/gradle/api/internal/artifacts/ivyservice/ErrorHandlingConfigurationResolver$ErrorHandlingLenientConfiguration
instanceKlass org/gradle/plugins/ide/internal/resolver/DefaultIdeDependencyResolver$2
instanceKlass org/gradle/plugins/ide/internal/resolver/DefaultIdeDependencyResolver$1
instanceKlass org/gradle/plugins/ide/idea/model/internal/IdeaDependenciesProvider$1
instanceKlass org/gradle/plugins/ide/internal/resolver/UnresolvedDependenciesLogger
instanceKlass org/gradle/plugins/ide/idea/model/internal/ModuleDependencyBuilder
instanceKlass org/gradle/plugins/ide/internal/resolver/DefaultIdeDependencyResolver
instanceKlass org/gradle/plugins/ide/internal/resolver/IdeDependencyResolver
instanceKlass org/gradle/plugins/ide/internal/IdeDependenciesExtractor
instanceKlass org/gradle/plugins/ide/idea/model/internal/IdeaDependenciesProvider
instanceKlass org/gradle/plugins/ide/internal/tooling/idea/DefaultIdeaCompilerOutput
instanceKlass org/gradle/plugins/ide/internal/tooling/idea/DefaultIdeaModule
instanceKlass org/gradle/plugins/ide/internal/tooling/idea/DefaultIdeaSourceDirectory
instanceKlass org/gradle/plugins/ide/internal/tooling/idea/DefaultIdeaContentRoot
instanceKlass org/gradle/plugins/ide/idea/IdeaPlugin$7$2
instanceKlass org/gradle/plugins/ide/idea/IdeaPlugin$7$1
instanceKlass org/gradle/plugins/ide/internal/tooling/java/DefaultInstalledJdk
instanceKlass org/gradle/plugins/ide/internal/tooling/idea/DefaultIdeaJavaLanguageSettings
instanceKlass org/gradle/plugins/ide/internal/tooling/idea/DefaultIdeaLanguageLevel
instanceKlass org/gradle/plugins/ide/internal/tooling/idea/DefaultIdeaProject
instanceKlass org/gradle/plugins/ide/idea/IdeaPlugin$20
instanceKlass org/gradle/plugins/ide/idea/internal/IdeaScalaConfigurer
instanceKlass org/gradle/plugins/ide/idea/IdeaPlugin$19
instanceKlass org/gradle/language/scala/plugins/ScalaLanguagePlugin
instanceKlass org/gradle/plugins/ide/idea/IdeaPlugin$18
instanceKlass org/gradle/api/plugins/scala/ScalaBasePlugin
instanceKlass org/gradle/plugins/ide/idea/IdeaPlugin$15
instanceKlass org/gradle/api/plugins/WarPlugin
instanceKlass org/gradle/plugins/ide/idea/IdeaPlugin$16$6
instanceKlass org/gradle/plugins/ide/idea/IdeaPlugin$16$5
instanceKlass org/gradle/plugins/ide/idea/IdeaPlugin$16$4
instanceKlass org/gradle/plugins/ide/idea/IdeaPlugin$16$3
instanceKlass org/gradle/plugins/ide/idea/IdeaPlugin$16$2
instanceKlass org/gradle/plugins/ide/idea/IdeaPlugin$16$1
instanceKlass org/gradle/plugins/ide/idea/IdeaPlugin$16
instanceKlass org/gradle/plugins/ide/idea/IdeaPlugin$14
instanceKlass org/gradle/plugins/ide/idea/IdeaPlugin$13
instanceKlass org/gradle/plugins/ide/idea/IdeaPlugin$12
instanceKlass org/gradle/plugins/ide/idea/IdeaPlugin$11
instanceKlass org/gradle/plugins/ide/idea/IdeaPlugin$10
instanceKlass org/gradle/plugins/ide/idea/IdeaPlugin$9
instanceKlass org/gradle/plugins/ide/internal/configurer/HierarchicalElementDeduplicator$StatefulDeduplicator$1
instanceKlass org/gradle/plugins/ide/internal/configurer/HierarchicalElementDeduplicator$StatefulDeduplicator
instanceKlass org/gradle/plugins/ide/internal/configurer/DefaultUniqueProjectNameProvider$ProjectPathDeduplicationAdapter
instanceKlass org/gradle/plugins/ide/internal/configurer/HierarchicalElementDeduplicator
instanceKlass org/gradle/language/scala/ScalaPlatform
instanceKlass org/gradle/plugins/ide/idea/model/Path
instanceKlass org/gradle/plugins/ide/idea/IdeaPlugin$8
instanceKlass org/gradle/plugins/ide/idea/IdeaPlugin$7
instanceKlass org/gradle/plugins/ide/idea/IdeaPlugin$6
instanceKlass org/gradle/plugins/ide/idea/IdeaPlugin$5
instanceKlass org/gradle/plugins/ide/idea/IdeaPlugin$4
instanceKlass org/gradle/plugins/ide/idea/model/PathFactory
instanceKlass org/gradle/plugins/ide/idea/model/IdeaLanguageLevel
instanceKlass org/gradle/plugins/ide/api/FileContentMerger
instanceKlass org/gradle/plugins/ide/internal/generator/generator/PersistableConfigurationObjectGenerator
instanceKlass org/gradle/internal/xml/XmlTransformer
instanceKlass org/gradle/plugins/ide/internal/generator/AbstractPersistableConfigurationObject
instanceKlass org/gradle/plugins/ide/internal/generator/generator/PersistableConfigurationObject
instanceKlass org/gradle/plugins/ide/internal/generator/generator/Generator
instanceKlass org/gradle/plugins/ide/idea/model/IdeaProject
instanceKlass org/gradle/plugins/ide/idea/model/IdeaModule
instanceKlass org/gradle/plugins/ide/idea/model/IdeaWorkspace
instanceKlass org/gradle/plugins/ide/idea/model/IdeaModel
instanceKlass org/gradle/plugins/ide/idea/IdeaPlugin$3
instanceKlass org/gradle/plugins/ide/idea/IdeaPlugin$2
instanceKlass org/gradle/plugins/ide/idea/IdeaPlugin$1
instanceKlass org/gradle/plugins/ide/internal/configurer/HierarchicalElementAdapter
instanceKlass org/gradle/plugins/ide/internal/configurer/DefaultUniqueProjectNameProvider
instanceKlass org/gradle/plugins/ide/internal/IdePlugin
instanceKlass org/jetbrains/kotlin/android/synthetic/idea/AndroidExtensionsGradleModel
instanceKlass org/jetbrains/plugins/gradle/model/GradleExtensions
instanceKlass org/jetbrains/plugins/gradle/model/BuildScriptClasspathModel
instanceKlass org/jetbrains/plugins/gradle/model/ModuleExtendedModel
instanceKlass org/jetbrains/plugins/gradle/model/ear/EarConfiguration$EarModel
instanceKlass org/jetbrains/plugins/gradle/model/ExternalDependency
instanceKlass org/jetbrains/plugins/gradle/model/ear/EarConfiguration
instanceKlass org/jetbrains/plugins/gradle/model/web/WebConfiguration$WarModel
instanceKlass org/jetbrains/plugins/gradle/model/web/WebConfiguration
instanceKlass org/jetbrains/kotlin/gradle/KotlinGradleModel
instanceKlass org/gradle/tooling/internal/consumer/versioning/ModelMapping$DefaultModelIdentifier
instanceKlass com/google/common/base/Objects
instanceKlass org/jetbrains/plugins/gradle/model/UnresolvedExternalDependency
instanceKlass org/jetbrains/plugins/gradle/model/FileCollectionDependency
instanceKlass org/jetbrains/plugins/gradle/model/ExternalLibraryDependency
instanceKlass org/jetbrains/plugins/gradle/model/ExternalProjectDependency
instanceKlass org/jetbrains/plugins/gradle/model/ExternalDependency
instanceKlass org/gradle/tooling/model/gradle/BuildInvocations
instanceKlass org/gradle/tooling/internal/adapter/ProtocolToModelAdapter$2
instanceKlass org/gradle/tooling/internal/adapter/ProtocolToModelAdapter$ViewGraphDetails
instanceKlass org/gradle/tooling/model/gradle/ProjectPublications
instanceKlass org/gradle/tooling/model/internal/outcomes/ProjectOutcomes
instanceKlass org/gradle/tooling/model/build/BuildEnvironment
instanceKlass org/gradle/tooling/model/idea/BasicIdeaProject
instanceKlass org/gradle/tooling/model/GradleProject
instanceKlass org/gradle/tooling/model/BuildableElement
instanceKlass org/gradle/tooling/model/idea/IdeaProject
instanceKlass org/gradle/tooling/model/eclipse/EclipseProject
instanceKlass org/gradle/tooling/model/eclipse/HierarchicalEclipseProject
