#
# There is insufficient memory for the Java Runtime Environment to continue.
# Native memory allocation (malloc) failed to allocate 124080 bytes for Chunk::new
# Possible reasons:
#   The system is out of physical RAM or swap space
#   In 32 bit mode, the process size limit was hit
# Possible solutions:
#   Reduce memory load on the system
#   Increase physical memory or swap space
#   Check if swap backing store is full
#   Use 64 bit Java on a 64 bit OS
#   Decrease Java heap size (-Xmx/-Xms)
#   Decrease number of Java threads
#   Decrease Java thread stack sizes (-Xss)
#   Set larger code cache with -XX:ReservedCodeCacheSize=
# This output file may be truncated or incomplete.
#
#  Out of Memory Error (allocation.cpp:390), pid=2056, tid=0x0000000000002458
#
# JRE version: Java(TM) SE Runtime Environment (8.0_121-b13) (build 1.8.0_121-b13)
# Java VM: Java HotSpot(TM) 64-Bit Server VM (25.121-b13 mixed mode windows-amd64 compressed oops)
# Failed to write core dump. Minidumps are not enabled by default on client versions of Windows
#

---------------  T H R E A D  ---------------

Current thread (0x000000005419a000):  JavaThread "C2 CompilerThread1" daemon [_thread_in_native, id=9304, stack(0x0000000054c10000,0x0000000054d10000)]

Stack: [0x0000000054c10000,0x0000000054d10000]
[error occurred during error reporting (printing stack bounds), id 0xc0000005]

Native frames: (J=compiled Java code, j=interpreted, Vv=VM code, C=native code)


Current CompileTask:
C2:   2448  812       4       org.objectweb.asm.ClassReader::a (3587 bytes)


---------------  P R O C E S S  ---------------

Java Threads: ( => current thread )
  0x00000000541a8000 JavaThread "Service Thread" daemon [_thread_blocked, id=9328, stack(0x0000000055030000,0x0000000055130000)]
  0x000000005419f000 JavaThread "C1 CompilerThread2" daemon [_thread_blocked, id=6720, stack(0x0000000054e20000,0x0000000054f20000)]
=>0x000000005419a000 JavaThread "C2 CompilerThread1" daemon [_thread_in_native, id=9304, stack(0x0000000054c10000,0x0000000054d10000)]
  0x000000005413d000 JavaThread "C2 CompilerThread0" daemon [_thread_blocked, id=10276, stack(0x0000000054a00000,0x0000000054b00000)]
  0x0000000054138800 JavaThread "Attach Listener" daemon [_thread_blocked, id=1988, stack(0x0000000054810000,0x0000000054910000)]
  0x0000000052e1f800 JavaThread "Signal Dispatcher" daemon [_thread_blocked, id=3988, stack(0x0000000054580000,0x0000000054680000)]
  0x0000000052dfb800 JavaThread "Finalizer" daemon [_thread_blocked, id=3940, stack(0x0000000053d30000,0x0000000053e30000)]
  0x0000000052db4800 JavaThread "Reference Handler" daemon [_thread_blocked, id=6484, stack(0x0000000054030000,0x0000000054130000)]
  0x00000000023a8800 JavaThread "main" [_thread_in_native, id=13052, stack(0x0000000002700000,0x0000000002800000)]

Other Threads:
  0x0000000052dad000 VMThread [stack: 0x0000000053e60000,0x0000000053f60000] [id=4348]
  0x0000000054204800 WatcherThread [stack: 0x00000000551e0000,0x00000000552e0000] [id=1780]

VM state:not at safepoint (normal execution)

VM Mutex/Monitor currently owned by a thread: None

Heap:
 PSYoungGen      total 18944K, used 9026K [0x00000000feb00000, 0x0000000100000000, 0x0000000100000000)
  eden space 16384K, 39% used [0x00000000feb00000,0x00000000ff1541f0,0x00000000ffb00000)
  from space 2560K, 99% used [0x00000000ffb00000,0x00000000ffd7c6d8,0x00000000ffd80000)
  to   space 2560K, 0% used [0x00000000ffd80000,0x00000000ffd80000,0x0000000100000000)
 ParOldGen       total 44032K, used 5245K [0x00000000fc000000, 0x00000000feb00000, 0x00000000feb00000)
  object space 44032K, 11% used [0x00000000fc000000,0x00000000fc51f4b8,0x00000000feb00000)
 Metaspace       used 7645K, capacity 7816K, committed 7936K, reserved 1056768K
  class space    used 902K, capacity 988K, committed 1024K, reserved 1048576K

Card table byte_map: [0x0000000001b90000,0x0000000001bc0000] byte_map_base: 0x00000000013b0000

Marking Bits: (ParMarkBitMap*) 0x0000000070a9b6d0
 Begin Bits: [0x0000000012220000, 0x0000000012320000)
 End Bits:   [0x0000000012320000, 0x0000000012420000)

Polling page: 0x0000000000140000

CodeCache: size=245760Kb used=3691Kb max_used=3705Kb free=242068Kb
 bounds [0x0000000002800000, 0x0000000002bb0000, 0x0000000011800000]
 total_blobs=1329 nmethods=994 adapters=248
 compilation: enabled

Compilation events (10 events):
Event: 2.353 Thread 0x000000005413d000  969       4       org.objectweb.asm.tree.InsnNode::accept (14 bytes)
Event: 2.356 Thread 0x000000005413d000 nmethod 969 0x0000000002b95a10 code [0x0000000002b95b80, 0x0000000002b95ea8]
Event: 2.356 Thread 0x000000005413d000  964       4       org.objectweb.asm.MethodVisitor::visitFieldInsn (20 bytes)
Event: 2.356 Thread 0x000000005413d000 nmethod 964 0x0000000002b957d0 code [0x0000000002b95900, 0x0000000002b95978]
Event: 2.356 Thread 0x000000005413d000  965       4       org.objectweb.asm.tree.MethodNode::visitFieldInsn (20 bytes)
Event: 2.358 Thread 0x000000005413d000 nmethod 965 0x0000000002b95410 code [0x0000000002b95560, 0x0000000002b956d8]
Event: 2.358 Thread 0x000000005413d000  967       4       org.objectweb.asm.MethodWriter::a (38 bytes)
Event: 2.359 Thread 0x000000005413d000 nmethod 967 0x0000000002b98e90 code [0x0000000002b98fe0, 0x0000000002b990f8]
Event: 2.359 Thread 0x000000005413d000  983       4       org.objectweb.asm.MethodWriter::visitInsn (114 bytes)
Event: 2.361 Thread 0x000000005413d000 nmethod 983 0x0000000002b98910 code [0x0000000002b98a60, 0x0000000002b98c88]

GC Heap History (6 events):
Event: 1.519 GC heap before
{Heap before GC invocations=1 (full 0):
 PSYoungGen      total 18944K, used 16384K [0x00000000feb00000, 0x0000000100000000, 0x0000000100000000)
  eden space 16384K, 100% used [0x00000000feb00000,0x00000000ffb00000,0x00000000ffb00000)
  from space 2560K, 0% used [0x00000000ffd80000,0x00000000ffd80000,0x0000000100000000)
  to   space 2560K, 0% used [0x00000000ffb00000,0x00000000ffb00000,0x00000000ffd80000)
 ParOldGen       total 44032K, used 0K [0x00000000fc000000, 0x00000000feb00000, 0x00000000feb00000)
  object space 44032K, 0% used [0x00000000fc000000,0x00000000fc000000,0x00000000feb00000)
 Metaspace       used 6660K, capacity 6842K, committed 7040K, reserved 1056768K
  class space    used 805K, capacity 855K, committed 896K, reserved 1048576K
Event: 1.611 GC heap after
Heap after GC invocations=1 (full 0):
 PSYoungGen      total 18944K, used 2533K [0x00000000feb00000, 0x0000000100000000, 0x0000000100000000)
  eden space 16384K, 0% used [0x00000000feb00000,0x00000000feb00000,0x00000000ffb00000)
  from space 2560K, 98% used [0x00000000ffb00000,0x00000000ffd79630,0x00000000ffd80000)
  to   space 2560K, 0% used [0x00000000ffd80000,0x00000000ffd80000,0x0000000100000000)
 ParOldGen       total 44032K, used 1599K [0x00000000fc000000, 0x00000000feb00000, 0x00000000feb00000)
  object space 44032K, 3% used [0x00000000fc000000,0x00000000fc18fc80,0x00000000feb00000)
 Metaspace       used 6660K, capacity 6842K, committed 7040K, reserved 1056768K
  class space    used 805K, capacity 855K, committed 896K, reserved 1048576K
}
Event: 2.065 GC heap before
{Heap before GC invocations=2 (full 0):
 PSYoungGen      total 18944K, used 18917K [0x00000000feb00000, 0x0000000100000000, 0x0000000100000000)
  eden space 16384K, 100% used [0x00000000feb00000,0x00000000ffb00000,0x00000000ffb00000)
  from space 2560K, 98% used [0x00000000ffb00000,0x00000000ffd79630,0x00000000ffd80000)
  to   space 2560K, 0% used [0x00000000ffd80000,0x00000000ffd80000,0x0000000100000000)
 ParOldGen       total 44032K, used 1599K [0x00000000fc000000, 0x00000000feb00000, 0x00000000feb00000)
  object space 44032K, 3% used [0x00000000fc000000,0x00000000fc18fc80,0x00000000feb00000)
 Metaspace       used 7601K, capacity 7816K, committed 7936K, reserved 1056768K
  class space    used 902K, capacity 988K, committed 1024K, reserved 1048576K
Event: 2.109 GC heap after
Heap after GC invocations=2 (full 0):
 PSYoungGen      total 18944K, used 2551K [0x00000000feb00000, 0x0000000100000000, 0x0000000100000000)
  eden space 16384K, 0% used [0x00000000feb00000,0x00000000feb00000,0x00000000ffb00000)
  from space 2560K, 99% used [0x00000000ffd80000,0x00000000ffffde78,0x0000000100000000)
  to   space 2560K, 0% used [0x00000000ffb00000,0x00000000ffb00000,0x00000000ffd80000)
 ParOldGen       total 44032K, used 5045K [0x00000000fc000000, 0x00000000feb00000, 0x00000000feb00000)
  object space 44032K, 11% used [0x00000000fc000000,0x00000000fc4ed4b8,0x00000000feb00000)
 Metaspace       used 7601K, capacity 7816K, committed 7936K, reserved 1056768K
  class space    used 902K, capacity 988K, committed 1024K, reserved 1048576K
}
Event: 2.201 GC heap before
{Heap before GC invocations=3 (full 0):
 PSYoungGen      total 18944K, used 18935K [0x00000000feb00000, 0x0000000100000000, 0x0000000100000000)
  eden space 16384K, 100% used [0x00000000feb00000,0x00000000ffb00000,0x00000000ffb00000)
  from space 2560K, 99% used [0x00000000ffd80000,0x00000000ffffde78,0x0000000100000000)
  to   space 2560K, 0% used [0x00000000ffb00000,0x00000000ffb00000,0x00000000ffd80000)
 ParOldGen       total 44032K, used 5045K [0x00000000fc000000, 0x00000000feb00000, 0x00000000feb00000)
  object space 44032K, 11% used [0x00000000fc000000,0x00000000fc4ed4b8,0x00000000feb00000)
 Metaspace       used 7635K, capacity 7816K, committed 7936K, reserved 1056768K
  class space    used 902K, capacity 988K, committed 1024K, reserved 1048576K
Event: 2.297 GC heap after
Heap after GC invocations=3 (full 0):
 PSYoungGen      total 18944K, used 2545K [0x00000000feb00000, 0x0000000100000000, 0x0000000100000000)
  eden space 16384K, 0% used [0x00000000feb00000,0x00000000feb00000,0x00000000ffb00000)
  from space 2560K, 99% used [0x00000000ffb00000,0x00000000ffd7c6d8,0x00000000ffd80000)
  to   space 2560K, 0% used [0x00000000ffd80000,0x00000000ffd80000,0x0000000100000000)
 ParOldGen       total 44032K, used 5245K [0x00000000fc000000, 0x00000000feb00000, 0x00000000feb00000)
  object space 44032K, 11% used [0x00000000fc000000,0x00000000fc51f4b8,0x00000000feb00000)
 Metaspace       used 7635K, capacity 7816K, committed 7936K, reserved 1056768K
  class space    used 902K, capacity 988K, committed 1024K, reserved 1048576K
}

Deoptimization events (10 events):
Event: 1.475 Thread 0x00000000023a8800 Uncommon trap: reason=unstable_if action=reinterpret pc=0x0000000002a113d8 method=java.util.zip.ZipFile$ZipEntryIterator.hasNext()Z @ 25
Event: 1.475 Thread 0x00000000023a8800 Uncommon trap: reason=unstable_if action=reinterpret pc=0x0000000002a12d24 method=java.util.zip.ZipCoder.decoder()Ljava/nio/charset/CharsetDecoder; @ 4
Event: 1.475 Thread 0x00000000023a8800 Uncommon trap: reason=unstable_if action=reinterpret pc=0x0000000002a0d908 method=java.util.zip.ZipEntry.setExtra0([BZ)V @ 1
Event: 1.476 Thread 0x00000000023a8800 Uncommon trap: reason=unstable_if action=reinterpret pc=0x0000000002a16338 method=java.util.zip.ZipFile$ZipEntryIterator.hasNext()Z @ 25
Event: 1.476 Thread 0x00000000023a8800 Uncommon trap: reason=unstable_if action=reinterpret pc=0x0000000002a11dcc method=java.util.zip.ZipCoder.decoder()Ljava/nio/charset/CharsetDecoder; @ 4
Event: 1.478 Thread 0x00000000023a8800 Uncommon trap: reason=unstable_if action=reinterpret pc=0x0000000002a14788 method=java.util.zip.ZipFile$ZipEntryIterator.hasNext()Z @ 25
Event: 1.712 Thread 0x00000000023a8800 Uncommon trap: reason=unloaded action=reinterpret pc=0x0000000002a1e6ec method=java.util.zip.ZipEntry.setExtra0([BZ)V @ 37
Event: 1.735 Thread 0x00000000023a8800 Uncommon trap: reason=unstable_if action=reinterpret pc=0x00000000029c8e94 method=java.lang.String.<init>([CII)V @ 18
Event: 2.043 Thread 0x00000000023a8800 Uncommon trap: reason=unstable_if action=reinterpret pc=0x0000000002b02870 method=org.objectweb.asm.Item.a(Lorg/objectweb/asm/Item;)Z @ 345
Event: 2.124 Thread 0x00000000023a8800 Uncommon trap: reason=unstable_if action=reinterpret pc=0x0000000002b23720 method=org.objectweb.asm.Type.getArgumentsAndReturnSizes(Ljava/lang/String;)I @ 130

Internal exceptions (10 events):
Event: 1.678 Thread 0x00000000023a8800 Exception <a 'sun/nio/fs/WindowsException'> (0x00000000ff206520) thrown at [C:\re\workspace\8-2-build-windows-amd64-cygwin\jdk8u121\8372\hotspot\src\share\vm\prims\jni.cpp, line 709]
Event: 1.678 Thread 0x00000000023a8800 Exception <a 'sun/nio/fs/WindowsException'> (0x00000000ff206b00) thrown at [C:\re\workspace\8-2-build-windows-amd64-cygwin\jdk8u121\8372\hotspot\src\share\vm\prims\jni.cpp, line 709]
Event: 1.678 Thread 0x00000000023a8800 Exception <a 'sun/nio/fs/WindowsException'> (0x00000000ff2072d0) thrown at [C:\re\workspace\8-2-build-windows-amd64-cygwin\jdk8u121\8372\hotspot\src\share\vm\prims\jni.cpp, line 709]
Event: 1.678 Thread 0x00000000023a8800 Exception <a 'sun/nio/fs/WindowsException'> (0x00000000ff207888) thrown at [C:\re\workspace\8-2-build-windows-amd64-cygwin\jdk8u121\8372\hotspot\src\share\vm\prims\jni.cpp, line 709]
Event: 1.678 Thread 0x00000000023a8800 Exception <a 'sun/nio/fs/WindowsException'> (0x00000000ff208048) thrown at [C:\re\workspace\8-2-build-windows-amd64-cygwin\jdk8u121\8372\hotspot\src\share\vm\prims\jni.cpp, line 709]
Event: 1.689 Thread 0x00000000023a8800 Exception <a 'sun/nio/fs/WindowsException'> (0x00000000ff20d458) thrown at [C:\re\workspace\8-2-build-windows-amd64-cygwin\jdk8u121\8372\hotspot\src\share\vm\prims\jni.cpp, line 709]
Event: 1.727 Thread 0x00000000023a8800 Exception <a 'sun/nio/fs/WindowsException'> (0x00000000ff3964d8) thrown at [C:\re\workspace\8-2-build-windows-amd64-cygwin\jdk8u121\8372\hotspot\src\share\vm\prims\jni.cpp, line 709]
Event: 1.727 Thread 0x00000000023a8800 Exception <a 'sun/nio/fs/WindowsException'> (0x00000000ff396a38) thrown at [C:\re\workspace\8-2-build-windows-amd64-cygwin\jdk8u121\8372\hotspot\src\share\vm\prims\jni.cpp, line 709]
Event: 1.870 Thread 0x00000000023a8800 Exception <a 'sun/nio/fs/WindowsException'> (0x00000000ff478ee8) thrown at [C:\re\workspace\8-2-build-windows-amd64-cygwin\jdk8u121\8372\hotspot\src\share\vm\prims\jni.cpp, line 709]
Event: 1.870 Thread 0x00000000023a8800 Exception <a 'sun/nio/fs/WindowsException'> (0x00000000ff4793c0) thrown at [C:\re\workspace\8-2-build-windows-amd64-cygwin\jdk8u121\8372\hotspot\src\share\vm\prims\jni.cpp, line 709]

Events (10 events):
Event: 2.124 Thread 0x00000000023a8800 DEOPT PACKING pc=0x0000000002b23720 sp=0x00000000027feb10
Event: 2.124 Thread 0x00000000023a8800 DEOPT UNPACKING pc=0x000000000284582a sp=0x00000000027feaa0 mode 2
Event: 2.200 Executing VM operation: ParallelGCFailedAllocation
Event: 2.297 Executing VM operation: ParallelGCFailedAllocation done
Event: 2.304 Thread 0x00000000023a8800 DEOPT PACKING pc=0x0000000002b1d876 sp=0x00000000027fecb0
Event: 2.304 Thread 0x00000000023a8800 DEOPT UNPACKING pc=0x000000000284787f sp=0x00000000027fea90 mode 0
Event: 2.310 Thread 0x00000000023a8800 DEOPT PACKING pc=0x0000000002ad0470 sp=0x00000000027fec60
Event: 2.310 Thread 0x00000000023a8800 DEOPT UNPACKING pc=0x000000000284787f sp=0x00000000027fe988 mode 0
Event: 2.321 Thread 0x00000000023a8800 DEOPT PACKING pc=0x0000000002ad0470 sp=0x00000000027fec60
Event: 2.321 Thread 0x00000000023a8800 DEOPT UNPACKING pc=0x000000000284787f sp=0x00000000027fe988 mode 0


Dynamic libraries:
0x000000013f900000 - 0x000000013f937000 	C:\Program Files\Java\jdk1.8.0_121\bin\java.exe
0x0000000076ea0000 - 0x000000007704a000 	C:\Windows\SYSTEM32\ntdll.dll
0x0000000076d80000 - 0x0000000076e9f000 	C:\Windows\system32\kernel32.dll
0x000007fefcbb0000 - 0x000007fefcc1a000 	C:\Windows\system32\KERNELBASE.dll
0x000007fefd440000 - 0x000007fefd51b000 	C:\Windows\system32\ADVAPI32.dll
0x000007fefe810000 - 0x000007fefe8af000 	C:\Windows\system32\msvcrt.dll
0x000007fefe6c0000 - 0x000007fefe6df000 	C:\Windows\SYSTEM32\sechost.dll
0x000007fefe6e0000 - 0x000007fefe80d000 	C:\Windows\system32\RPCRT4.dll
0x0000000076c80000 - 0x0000000076d7a000 	C:\Windows\system32\USER32.dll
0x000007fefd520000 - 0x000007fefd587000 	C:\Windows\system32\GDI32.dll
0x000007fefedb0000 - 0x000007fefedbe000 	C:\Windows\system32\LPK.dll
0x000007fefe5c0000 - 0x000007fefe68b000 	C:\Windows\system32\USP10.dll
0x000007fefb170000 - 0x000007fefb364000 	C:\Windows\WinSxS\amd64_microsoft.windows.common-controls_6595b64144ccf1df_6.0.7601.18837_none_fa3b1e3d17594757\COMCTL32.dll
0x000007fefd3c0000 - 0x000007fefd431000 	C:\Windows\system32\SHLWAPI.dll
0x000007fefee60000 - 0x000007fefee8e000 	C:\Windows\system32\IMM32.DLL
0x000007fefe930000 - 0x000007fefea39000 	C:\Windows\system32\MSCTF.dll
0x0000000064de0000 - 0x0000000064eb2000 	C:\Program Files\Java\jdk1.8.0_121\jre\bin\msvcr100.dll
0x0000000070280000 - 0x0000000070b1b000 	C:\Program Files\Java\jdk1.8.0_121\jre\bin\server\jvm.dll
0x000007fef6280000 - 0x000007fef6289000 	C:\Windows\system32\WSOCK32.dll
0x000007fefee90000 - 0x000007fefeedd000 	C:\Windows\system32\WS2_32.dll
0x000007fefe6b0000 - 0x000007fefe6b8000 	C:\Windows\system32\NSI.dll
0x000007fefa270000 - 0x000007fefa2ab000 	C:\Windows\system32\WINMM.dll
0x000007fefbb80000 - 0x000007fefbb8c000 	C:\Windows\system32\VERSION.dll
0x0000000077060000 - 0x0000000077067000 	C:\Windows\system32\PSAPI.DLL
0x0000000071730000 - 0x000000007173f000 	C:\Program Files\Java\jdk1.8.0_121\jre\bin\verify.dll
0x0000000071090000 - 0x00000000710b9000 	C:\Program Files\Java\jdk1.8.0_121\jre\bin\java.dll
0x000000006ff10000 - 0x000000006ff26000 	C:\Program Files\Java\jdk1.8.0_121\jre\bin\zip.dll
0x000007fefd830000 - 0x000007fefe5ba000 	C:\Windows\system32\SHELL32.dll
0x000007fefd630000 - 0x000007fefd82c000 	C:\Windows\system32\ole32.dll
0x000007fefcb90000 - 0x000007fefcb9f000 	C:\Windows\system32\profapi.dll
0x000007fefc370000 - 0x000007fefc388000 	C:\Windows\system32\CRYPTSP.dll
0x000007fefc080000 - 0x000007fefc0c7000 	C:\Windows\system32\rsaenh.dll
0x000007fefcd70000 - 0x000007fefcd8e000 	C:\Windows\system32\USERENV.dll
0x000007fefca30000 - 0x000007fefca3f000 	C:\Windows\system32\CRYPTBASE.dll
0x000000006f690000 - 0x000000006f6aa000 	C:\Program Files\Java\jdk1.8.0_121\jre\bin\net.dll
0x000007fefc310000 - 0x000007fefc365000 	C:\Windows\system32\mswsock.dll
0x000007fefc850000 - 0x000007fefc857000 	C:\Windows\System32\wship6.dll
0x000007fefa040000 - 0x000007fefa067000 	C:\Windows\system32\IPHLPAPI.DLL
0x000007fefa030000 - 0x000007fefa03b000 	C:\Windows\system32\WINNSI.DLL
0x000007fef9e40000 - 0x000007fef9e51000 	C:\Windows\system32\dhcpcsvc6.DLL
0x000007fef9e20000 - 0x000007fef9e38000 	C:\Windows\system32\dhcpcsvc.DLL
0x000000006f1c0000 - 0x000000006f1d1000 	C:\Program Files\Java\jdk1.8.0_121\jre\bin\nio.dll

VM Arguments:
jvm_args: -Djava.awt.headless=true -Xmx64M -Dfile.encoding=windows-31j -Duser.country=JP -Duser.language=ja -Duser.variant 
java_command: com.google.devtools.build.android.desugar.Desugar --input F:\Casler\app\build\intermediates\transforms\stackFramesFixer\debug\18.jar --output F:\Casler\app\build\intermediates\transforms\desugar\debug\11.jar --input F:\Casler\app\build\intermediates\transforms\stackFramesFixer\debug\15.jar --output F:\Casler\app\build\intermediates\transforms\desugar\debug\8.jar --input F:\Casler\app\build\intermediates\transforms\stackFramesFixer\debug\3.jar --output F:\Casler\app\build\intermediates\transforms\desugar\debug\3.jar --input F:\Casler\app\build\intermediates\transforms\stackFramesFixer\debug\24.jar --output F:\Casler\app\build\intermediates\transforms\desugar\debug\17.jar --classpath_entry F:\Casler\app\build\intermediates\classes\debug --classpath_entry F:\Casler\app\build\intermediates\transforms\stackFramesFixer\debug\0.jar --classpath_entry F:\Casler\app\build\intermediates\transforms\stackFramesFixer\debug\1.jar --classpath_entry F:\Casler\app\build\intermediates\transforms\stackFramesFixer\debug\3.jar --classpath_entry F:\Casler\app\build\intermediates\transforms\stackFramesFixer\debug\11.jar --classpath_entry F:\Casler\app\build\intermediates\transforms\stackFramesFixer\debug\12.jar --classpath_entry F:\Casler\app\build\intermediates\transforms\stackFramesFixer\debug\13.jar --classpath_entry F:\Casler\app\build\intermediates\transforms\stackFramesFixer\debug\14.jar --classpath_entry F:\Casler\app\build\intermediates\transforms\stackFramesFixer\debug\15.jar --classpath_entry F:\Casler\app\build\intermediates\transforms\stackFramesFixer\debug\16.jar --classpath_entry F:\Casler\app\build\intermediates\transforms\stackFramesFixer\debug\17.jar --classpath_entry F:\Casler\app\build\intermediates\transforms\stackFramesFixer\debug\18.jar --classpath_entry F:\Casler\app\build\intermediates\transforms\stackFramesFixer\debug\19.jar --classpath_entry F:\Casler\app\build\intermediates\transforms\stackFramesFixer\debug\20.jar --classpath_entry F:\Casler\app\b
java_class_path (initial): C:\Users\hiroya\AppData\Local\Temp\desugar_deploy.jar4921953142086136754
Launcher Type: SUN_STANDARD

Environment Variables:
JAVA_HOME=C:\Program Files\Java\jdk1.8.0_92
USERNAME=hiroya
OS=Windows_NT
PROCESSOR_IDENTIFIER=Intel64 Family 6 Model 42 Stepping 7, GenuineIntel



---------------  S Y S T E M  ---------------

OS: Windows 7 , 64 bit Build 7601 (6.1.7601.23915)

CPU:total 4 (4 cores per cpu, 1 threads per core) family 6 model 42 stepping 7, cmov, cx8, fxsr, mmx, sse, sse2, sse3, ssse3, sse4.1, sse4.2, popcnt, avx, clmul, tsc, tscinvbit

Memory: 4k page, physical 16723152k(3379424k free), swap 19588492k(2020k free)

vm_info: Java HotSpot(TM) 64-Bit Server VM (25.121-b13) for windows-amd64 JRE (1.8.0_121-b13), built on Dec 12 2016 18:21:36 by "java_re" with MS VC++ 10.0 (VS2010)

time: Thu Nov 23 20:53:50 2017
elapsed time: 2 seconds (0d 0h 0m 2s)

